2023-01-14 01:19:55,750 pydispatch starting
2023-01-14 01:19:55,755 Creating railroad object
2023-01-14 01:19:55,758 Creating district Yard
2023-01-14 01:19:55,789 Creating district Latham
2023-01-14 01:19:55,810 Creating district Dell
2023-01-14 01:19:55,827 Creating district Shore
2023-01-14 01:19:55,846 Creating district Krulish
2023-01-14 01:19:55,860 Creating district Nassau
2023-01-14 01:19:55,884 Creating district Bank
2023-01-14 01:19:55,900 Creating district Cliveden
2023-01-14 01:19:55,915 Creating district Cliff
2023-01-14 01:19:55,945 Creating district Port
2023-01-14 01:19:55,963 Output (P21.srel) duplicate definition
2023-01-14 01:19:55,965 Input (P21) duplicate definitionb
2023-01-14 01:19:55,966 Input (P21.E) duplicate definitionb
2023-01-14 01:19:55,977 Creating district Hyde
2023-01-14 01:19:56,047 Opening a railroad monitoring thread on device COM4
2023-01-14 01:19:56,050 Starting Socket server at address: 192.168.1.144:9001
2023-01-14 01:19:56,068 Cornell: Output bytes: 00000000 00000000
2023-01-14 01:19:56,068 East Jct: Output bytes: 00000000 00000000
2023-01-14 01:19:56,068 Kale: Output bytes: 00000000 00000000 00000000 00000000
2023-01-14 01:19:56,068 Yard: Output bytes: 10010010 00100100 00100101 00000000 00000000 00000000
2023-01-14 01:19:56,068 YardSW: Output bytes: 00000000 00000000 00000000 00000000 00000000
2023-01-14 01:19:56,068 Latham: Output bytes: 00000000 00000000 00000000 00000000 00000000
2023-01-14 01:19:56,068 Carlton: Output bytes: 00000000 00011000 00001000 10000000 00000000
2023-01-14 01:19:56,068 Dell: Output bytes: 00000000 00000000 00000100 00000000
2023-01-14 01:19:56,068 Foss: Output bytes: 00000000 00000000 00000000
2023-01-14 01:19:56,069 Shore: Output bytes: 00000000 00000000 00010000 00000000 00000001 00000000 00010000
2023-01-14 01:19:56,069 Hyde Jct: Output bytes: 00000000 00000000 00000000
2023-01-14 01:19:56,069 Krulish: Output bytes: 00000000 00000000 00000000
2023-01-14 01:19:56,069 Nassau West: Output bytes: 00000000 00000000 00000000 00101000 01001001 00000000 00000000 00000000
2023-01-14 01:19:56,069 Nassau East: Output bytes: 00000000 00000000 00000000 01001001
2023-01-14 01:19:56,069 Nassau NX: Output bytes: 00000000 00000000 00000000
2023-01-14 01:19:56,069 Bank: Output bytes: 00000000 00000000 00011000 00000000
2023-01-14 01:19:56,069 Cliveden: Output bytes: 00000000 00000000 01000000 00000000
2023-01-14 01:19:56,069 Green Mountain: Output bytes: 00000000 00000000 00100000
2023-01-14 01:19:56,069 Cliff: Output bytes: 10010010 00100100 01001001 01001001 01010101 00000001 00000000 00000000
2023-01-14 01:19:56,069 Sheffield: Output bytes: 00000000 00000000 00000000 00000000
2023-01-14 01:19:56,070 Port A: Output bytes: 00000000 00000000 00000000 00000000 00000000 00000000 00000000 00000000 00000000
2023-01-14 01:19:56,070 Parsons: Output bytes: 00000000 00000000 00000000 00000000
2023-01-14 01:19:56,070 Port  B: Output bytes: 00000000 00000000 00000000 01000000 00000000 00000000 00000000
2023-01-14 01:19:56,070 Hyde: Output bytes: 00000000 00000000 00000000 00000000 00000000
2023-01-14 01:19:56,471 Cornell: Output bytes: 00000000 00000000
2023-01-14 01:19:56,471 East Jct: Output bytes: 00000000 00000000
2023-01-14 01:19:56,471 Kale: Output bytes: 00000000 00000000 00000000 00000000
2023-01-14 01:19:56,471 Yard: Output bytes: 10010010 00100100 00100101 00000000 00000000 00000000
2023-01-14 01:19:56,471 YardSW: Output bytes: 00000000 00000000 00000000 00000000 00000000
2023-01-14 01:19:56,471 Latham: Output bytes: 00000000 00000000 00000000 00000000 00000000
2023-01-14 01:19:56,471 Carlton: Output bytes: 00000000 00011000 00001000 10000000 00000000
2023-01-14 01:19:56,471 Dell: Output bytes: 00000000 00000000 00000100 00000000
2023-01-14 01:19:56,471 Foss: Output bytes: 00000000 00000000 00000000
2023-01-14 01:19:56,471 Shore: Output bytes: 00000000 00000000 00010000 00000000 00000001 00000000 00010000
2023-01-14 01:19:56,471 Hyde Jct: Output bytes: 00000000 00000000 00000000
2023-01-14 01:19:56,471 Krulish: Output bytes: 00000000 00000000 00000000
2023-01-14 01:19:56,472 Nassau West: Output bytes: 00000000 00000000 00000000 00101000 01001001 00000000 00000000 00000000
2023-01-14 01:19:56,472 Nassau East: Output bytes: 00000000 00000000 00000000 01001001
2023-01-14 01:19:56,472 Nassau NX: Output bytes: 00000000 00000000 00000000
2023-01-14 01:19:56,472 Bank: Output bytes: 00000000 00000000 00011000 00000000
2023-01-14 01:19:56,472 Cliveden: Output bytes: 00000000 00000000 01000000 00000000
2023-01-14 01:19:56,472 Green Mountain: Output bytes: 00000000 00000000 00100000
2023-01-14 01:19:56,472 Cliff: Output bytes: 10010010 00100100 01001001 01001001 01010101 00000001 00000000 00000000
2023-01-14 01:19:56,472 Sheffield: Output bytes: 00000000 00000000 00000000 00000000
2023-01-14 01:19:56,472 Port A: Output bytes: 00000000 00000000 00000000 00000000 00000000 00000000 00000000 00000000 00000000
2023-01-14 01:19:56,472 Parsons: Output bytes: 00000000 00000000 00000000 00000000
2023-01-14 01:19:56,472 Port  B: Output bytes: 00000000 00000000 00000000 01000000 00000000 00000000 00000000
2023-01-14 01:19:56,473 Hyde: Output bytes: 00000000 00000000 00000000 00000000 00000000
2023-01-14 01:19:56,875 Cornell: Output bytes: 00000000 00000000
2023-01-14 01:19:56,875 East Jct: Output bytes: 00000000 00000000
2023-01-14 01:19:56,875 Kale: Output bytes: 00000000 00000000 00000000 00000000
2023-01-14 01:19:56,875 Yard: Output bytes: 10010010 00100100 00100101 00000000 00000000 00000000
2023-01-14 01:19:56,875 YardSW: Output bytes: 00000000 00000000 00000000 00000000 00000000
2023-01-14 01:19:56,875 Latham: Output bytes: 00000000 00000000 00000000 00000000 00000000
2023-01-14 01:19:56,875 Carlton: Output bytes: 00000000 00011000 00001000 10000000 00000000
2023-01-14 01:19:56,875 Dell: Output bytes: 00000000 00000000 00000100 00000000
2023-01-14 01:19:56,875 Foss: Output bytes: 00000000 00000000 00000000
2023-01-14 01:19:56,875 Shore: Output bytes: 00000000 00000000 00010000 00000000 00000001 00000000 00010000
2023-01-14 01:19:56,876 Hyde Jct: Output bytes: 00000000 00000000 00000000
2023-01-14 01:19:56,876 Krulish: Output bytes: 00000000 00000000 00000000
2023-01-14 01:19:56,876 Nassau West: Output bytes: 00000000 00000000 00000000 00101000 01001001 00000000 00000000 00000000
2023-01-14 01:19:56,876 Nassau East: Output bytes: 00000000 00000000 00000000 01001001
2023-01-14 01:19:56,876 Nassau NX: Output bytes: 00000000 00000000 00000000
2023-01-14 01:19:56,876 Bank: Output bytes: 00000000 00000000 00011000 00000000
2023-01-14 01:19:56,876 Cliveden: Output bytes: 00000000 00000000 01000000 00000000
2023-01-14 01:19:56,876 Green Mountain: Output bytes: 00000000 00000000 00100000
2023-01-14 01:19:56,876 Cliff: Output bytes: 10010010 00100100 01001001 01001001 01010101 00000001 00000000 00000000
2023-01-14 01:19:56,876 Sheffield: Output bytes: 00000000 00000000 00000000 00000000
2023-01-14 01:19:56,877 Port A: Output bytes: 00000000 00000000 00000000 00000000 00000000 00000000 00000000 00000000 00000000
2023-01-14 01:19:56,877 Parsons: Output bytes: 00000000 00000000 00000000 00000000
2023-01-14 01:19:56,877 Port  B: Output bytes: 00000000 00000000 00000000 01000000 00000000 00000000 00000000
2023-01-14 01:19:56,877 Hyde: Output bytes: 00000000 00000000 00000000 00000000 00000000
2023-01-14 01:19:57,277 Cornell: Output bytes: 00000000 00000000
2023-01-14 01:19:57,277 East Jct: Output bytes: 00000000 00000000
2023-01-14 01:19:57,277 Kale: Output bytes: 00000000 00000000 00000000 00000000
2023-01-14 01:19:57,277 Yard: Output bytes: 10010010 00100100 00100101 00000000 00000000 00000000
2023-01-14 01:19:57,277 YardSW: Output bytes: 00000000 00000000 00000000 00000000 00000000
2023-01-14 01:19:57,277 Latham: Output bytes: 00000000 00000000 00000000 00000000 00000000
2023-01-14 01:19:57,277 Carlton: Output bytes: 00000000 00011000 00001000 10000000 00000000
2023-01-14 01:19:57,277 Dell: Output bytes: 00000000 00000000 00000100 00000000
2023-01-14 01:19:57,277 Foss: Output bytes: 00000000 00000000 00000000
2023-01-14 01:19:57,278 Shore: Output bytes: 00000000 00000000 00010000 00000000 00000001 00000000 00010000
2023-01-14 01:19:57,278 Hyde Jct: Output bytes: 00000000 00000000 00000000
2023-01-14 01:19:57,278 Krulish: Output bytes: 00000000 00000000 00000000
2023-01-14 01:19:57,278 Nassau West: Output bytes: 00000000 00000000 00000000 00101000 01001001 00000000 00000000 00000000
2023-01-14 01:19:57,278 Nassau East: Output bytes: 00000000 00000000 00000000 01001001
2023-01-14 01:19:57,278 Nassau NX: Output bytes: 00000000 00000000 00000000
2023-01-14 01:19:57,278 Bank: Output bytes: 00000000 00000000 00011000 00000000
2023-01-14 01:19:57,278 Cliveden: Output bytes: 00000000 00000000 01000000 00000000
2023-01-14 01:19:57,278 Green Mountain: Output bytes: 00000000 00000000 00100000
2023-01-14 01:19:57,278 Cliff: Output bytes: 10010010 00100100 01001001 01001001 01010101 00000001 00000000 00000000
2023-01-14 01:19:57,278 Sheffield: Output bytes: 00000000 00000000 00000000 00000000
2023-01-14 01:19:57,279 Port A: Output bytes: 00000000 00000000 00000000 00000000 00000000 00000000 00000000 00000000 00000000
2023-01-14 01:19:57,279 Parsons: Output bytes: 00000000 00000000 00000000 00000000
2023-01-14 01:19:57,279 Port  B: Output bytes: 00000000 00000000 00000000 01000000 00000000 00000000 00000000
2023-01-14 01:19:57,279 Hyde: Output bytes: 00000000 00000000 00000000 00000000 00000000
2023-01-14 01:19:57,681 Cornell: Output bytes: 00000000 00000000
2023-01-14 01:19:57,681 East Jct: Output bytes: 00000000 00000000
2023-01-14 01:19:57,681 Kale: Output bytes: 00000000 00000000 00000000 00000000
2023-01-14 01:19:57,681 Yard: Output bytes: 10010010 00100100 00100101 00000000 00000000 00000000
2023-01-14 01:19:57,681 YardSW: Output bytes: 00000000 00000000 00000000 00000000 00000000
2023-01-14 01:19:57,681 Latham: Output bytes: 00000000 00000000 00000000 00000000 00000000
2023-01-14 01:19:57,681 Carlton: Output bytes: 00000000 00011000 00001000 10000000 00000000
2023-01-14 01:19:57,682 Dell: Output bytes: 00000000 00000000 00000100 00000000
2023-01-14 01:19:57,682 Foss: Output bytes: 00000000 00000000 00000000
2023-01-14 01:19:57,682 Shore: Output bytes: 00000000 00000000 00010000 00000000 00000001 00000000 00010000
2023-01-14 01:19:57,682 Hyde Jct: Output bytes: 00000000 00000000 00000000
2023-01-14 01:19:57,682 Krulish: Output bytes: 00000000 00000000 00000000
2023-01-14 01:19:57,682 Nassau West: Output bytes: 00000000 00000000 00000000 00101000 01001001 00000000 00000000 00000000
2023-01-14 01:19:57,682 Nassau East: Output bytes: 00000000 00000000 00000000 01001001
2023-01-14 01:19:57,682 Nassau NX: Output bytes: 00000000 00000000 00000000
2023-01-14 01:19:57,682 Bank: Output bytes: 00000000 00000000 00011000 00000000
2023-01-14 01:19:57,682 Cliveden: Output bytes: 00000000 00000000 01000000 00000000
2023-01-14 01:19:57,682 Green Mountain: Output bytes: 00000000 00000000 00100000
2023-01-14 01:19:57,683 Cliff: Output bytes: 10010010 00100100 01001001 01001001 01010101 00000001 00000000 00000000
2023-01-14 01:19:57,683 Sheffield: Output bytes: 00000000 00000000 00000000 00000000
2023-01-14 01:19:57,683 Port A: Output bytes: 00000000 00000000 00000000 00000000 00000000 00000000 00000000 00000000 00000000
2023-01-14 01:19:57,683 Parsons: Output bytes: 00000000 00000000 00000000 00000000
2023-01-14 01:19:57,683 Port  B: Output bytes: 00000000 00000000 00000000 01000000 00000000 00000000 00000000
2023-01-14 01:19:57,683 Hyde: Output bytes: 00000000 00000000 00000000 00000000 00000000
2023-01-14 01:19:58,100 Cornell: Output bytes: 00000000 00000000
2023-01-14 01:19:58,100 East Jct: Output bytes: 00000000 00000000
2023-01-14 01:19:58,100 Kale: Output bytes: 00000000 00000000 00000000 00000000
2023-01-14 01:19:58,100 Yard: Output bytes: 10010010 00100100 00100101 00000000 00000000 00000000
2023-01-14 01:19:58,100 YardSW: Output bytes: 00000000 00000000 00000000 00000000 00000000
2023-01-14 01:19:58,100 Latham: Output bytes: 00000000 00000000 00000000 00000000 00000000
2023-01-14 01:19:58,100 Carlton: Output bytes: 00000000 00011000 00001000 10000000 00000000
2023-01-14 01:19:58,100 Dell: Output bytes: 00000000 00000000 00000100 00000000
2023-01-14 01:19:58,100 Foss: Output bytes: 00000000 00000000 00000000
2023-01-14 01:19:58,101 Shore: Output bytes: 00000000 00000000 00010000 00000000 00000001 00000000 00010000
2023-01-14 01:19:58,101 Hyde Jct: Output bytes: 00000000 00000000 00000000
2023-01-14 01:19:58,101 Krulish: Output bytes: 00000000 00000000 00000000
2023-01-14 01:19:58,101 Nassau West: Output bytes: 00000000 00000000 00000000 00101000 01001001 00000000 00000000 00000000
2023-01-14 01:19:58,101 Nassau East: Output bytes: 00000000 00000000 00000000 01001001
2023-01-14 01:19:58,101 Nassau NX: Output bytes: 00000000 00000000 00000000
2023-01-14 01:19:58,101 Bank: Output bytes: 00000000 00000000 00011000 00000000
2023-01-14 01:19:58,101 Cliveden: Output bytes: 00000000 00000000 01000000 00000000
2023-01-14 01:19:58,101 Green Mountain: Output bytes: 00000000 00000000 00100000
2023-01-14 01:19:58,101 Cliff: Output bytes: 10010010 00100100 01001001 01001001 01010101 00000001 00000000 00000000
2023-01-14 01:19:58,101 Sheffield: Output bytes: 00000000 00000000 00000000 00000000
2023-01-14 01:19:58,101 Port A: Output bytes: 00000000 00000000 00000000 00000000 00000000 00000000 00000000 00000000 00000000
2023-01-14 01:19:58,101 Parsons: Output bytes: 00000000 00000000 00000000 00000000
2023-01-14 01:19:58,102 Port  B: Output bytes: 00000000 00000000 00000000 01000000 00000000 00000000 00000000
2023-01-14 01:19:58,102 Hyde: Output bytes: 00000000 00000000 00000000 00000000 00000000
2023-01-14 01:19:58,505 Cornell: Output bytes: 00000000 00000000
2023-01-14 01:19:58,505 East Jct: Output bytes: 00000000 00000000
2023-01-14 01:19:58,505 Kale: Output bytes: 00000000 00000000 00000000 00000000
2023-01-14 01:19:58,505 Yard: Output bytes: 10010010 00100100 00100101 00000000 00000000 00000000
2023-01-14 01:19:58,505 YardSW: Output bytes: 00000000 00000000 00000000 00000000 00000000
2023-01-14 01:19:58,505 Latham: Output bytes: 00000000 00000000 00000000 00000000 00000000
2023-01-14 01:19:58,505 Carlton: Output bytes: 00000000 00011000 00001000 10000000 00000000
2023-01-14 01:19:58,505 Dell: Output bytes: 00000000 00000000 00000100 00000000
2023-01-14 01:19:58,506 Foss: Output bytes: 00000000 00000000 00000000
2023-01-14 01:19:58,506 Shore: Output bytes: 00000000 00000000 00010000 00000000 00000001 00000000 00010000
2023-01-14 01:19:58,506 Hyde Jct: Output bytes: 00000000 00000000 00000000
2023-01-14 01:19:58,506 Krulish: Output bytes: 00000000 00000000 00000000
2023-01-14 01:19:58,506 Nassau West: Output bytes: 00000000 00000000 00000000 00101000 01001001 00000000 00000000 00000000
2023-01-14 01:19:58,506 Nassau East: Output bytes: 00000000 00000000 00000000 01001001
2023-01-14 01:19:58,506 Nassau NX: Output bytes: 00000000 00000000 00000000
2023-01-14 01:19:58,506 Bank: Output bytes: 00000000 00000000 00011000 00000000
2023-01-14 01:19:58,506 Cliveden: Output bytes: 00000000 00000000 01000000 00000000
2023-01-14 01:19:58,506 Green Mountain: Output bytes: 00000000 00000000 00100000
2023-01-14 01:19:58,506 Cliff: Output bytes: 10010010 00100100 01001001 01001001 01010101 00000001 00000000 00000000
2023-01-14 01:19:58,506 Sheffield: Output bytes: 00000000 00000000 00000000 00000000
2023-01-14 01:19:58,506 Port A: Output bytes: 00000000 00000000 00000000 00000000 00000000 00000000 00000000 00000000 00000000
2023-01-14 01:19:58,506 Parsons: Output bytes: 00000000 00000000 00000000 00000000
2023-01-14 01:19:58,507 Port  B: Output bytes: 00000000 00000000 00000000 01000000 00000000 00000000 00000000
2023-01-14 01:19:58,507 Hyde: Output bytes: 00000000 00000000 00000000 00000000 00000000
2023-01-14 01:19:58,906 Cornell: Output bytes: 00000000 00000000
2023-01-14 01:19:58,906 East Jct: Output bytes: 00000000 00000000
2023-01-14 01:19:58,906 Kale: Output bytes: 00000000 00000000 00000000 00000000
2023-01-14 01:19:58,906 Yard: Output bytes: 10010010 00100100 00100101 00000000 00000000 00000000
2023-01-14 01:19:58,906 YardSW: Output bytes: 00000000 00000000 00000000 00000000 00000000
2023-01-14 01:19:58,906 Latham: Output bytes: 00000000 00000000 00000000 00000000 00000000
2023-01-14 01:19:58,906 Carlton: Output bytes: 00000000 00011000 00001000 10000000 00000000
2023-01-14 01:19:58,906 Dell: Output bytes: 00000000 00000000 00000100 00000000
2023-01-14 01:19:58,906 Foss: Output bytes: 00000000 00000000 00000000
2023-01-14 01:19:58,907 Shore: Output bytes: 00000000 00000000 00010000 00000000 00000001 00000000 00010000
2023-01-14 01:19:58,907 Hyde Jct: Output bytes: 00000000 00000000 00000000
2023-01-14 01:19:58,907 Krulish: Output bytes: 00000000 00000000 00000000
2023-01-14 01:19:58,907 Nassau West: Output bytes: 00000000 00000000 00000000 00101000 01001001 00000000 00000000 00000000
2023-01-14 01:19:58,907 Nassau East: Output bytes: 00000000 00000000 00000000 01001001
2023-01-14 01:19:58,907 Nassau NX: Output bytes: 00000000 00000000 00000000
2023-01-14 01:19:58,907 Bank: Output bytes: 00000000 00000000 00011000 00000000
2023-01-14 01:19:58,907 Cliveden: Output bytes: 00000000 00000000 01000000 00000000
2023-01-14 01:19:58,907 Green Mountain: Output bytes: 00000000 00000000 00100000
2023-01-14 01:19:58,907 Cliff: Output bytes: 10010010 00100100 01001001 01001001 01010101 00000001 00000000 00000000
2023-01-14 01:19:58,907 Sheffield: Output bytes: 00000000 00000000 00000000 00000000
2023-01-14 01:19:58,908 Port A: Output bytes: 00000000 00000000 00000000 00000000 00000000 00000000 00000000 00000000 00000000
2023-01-14 01:19:58,908 Parsons: Output bytes: 00000000 00000000 00000000 00000000
2023-01-14 01:19:58,908 Port  B: Output bytes: 00000000 00000000 00000000 01000000 00000000 00000000 00000000
2023-01-14 01:19:58,908 Hyde: Output bytes: 00000000 00000000 00000000 00000000 00000000
2023-01-14 01:19:59,306 Cornell: Output bytes: 00000000 00000000
2023-01-14 01:19:59,306 East Jct: Output bytes: 00000000 00000000
2023-01-14 01:19:59,306 Kale: Output bytes: 00000000 00000000 00000000 00000000
2023-01-14 01:19:59,306 Yard: Output bytes: 10010010 00100100 00100101 00000000 00000000 00000000
2023-01-14 01:19:59,306 YardSW: Output bytes: 00000000 00000000 00000000 00000000 00000000
2023-01-14 01:19:59,306 Latham: Output bytes: 00000000 00000000 00000000 00000000 00000000
2023-01-14 01:19:59,306 Carlton: Output bytes: 00000000 00011000 00001000 10000000 00000000
2023-01-14 01:19:59,306 Dell: Output bytes: 00000000 00000000 00000100 00000000
2023-01-14 01:19:59,306 Foss: Output bytes: 00000000 00000000 00000000
2023-01-14 01:19:59,306 Shore: Output bytes: 00000000 00000000 00010000 00000000 00000001 00000000 00010000
2023-01-14 01:19:59,306 Hyde Jct: Output bytes: 00000000 00000000 00000000
2023-01-14 01:19:59,307 Krulish: Output bytes: 00000000 00000000 00000000
2023-01-14 01:19:59,307 Nassau West: Output bytes: 00000000 00000000 00000000 00101000 01001001 00000000 00000000 00000000
2023-01-14 01:19:59,307 Nassau East: Output bytes: 00000000 00000000 00000000 01001001
2023-01-14 01:19:59,307 Nassau NX: Output bytes: 00000000 00000000 00000000
2023-01-14 01:19:59,307 Bank: Output bytes: 00000000 00000000 00011000 00000000
2023-01-14 01:19:59,307 Cliveden: Output bytes: 00000000 00000000 01000000 00000000
2023-01-14 01:19:59,307 Green Mountain: Output bytes: 00000000 00000000 00100000
2023-01-14 01:19:59,307 Cliff: Output bytes: 10010010 00100100 01001001 01001001 01010101 00000001 00000000 00000000
2023-01-14 01:19:59,307 Sheffield: Output bytes: 00000000 00000000 00000000 00000000
2023-01-14 01:19:59,307 Port A: Output bytes: 00000000 00000000 00000000 00000000 00000000 00000000 00000000 00000000 00000000
2023-01-14 01:19:59,307 Parsons: Output bytes: 00000000 00000000 00000000 00000000
2023-01-14 01:19:59,308 Port  B: Output bytes: 00000000 00000000 00000000 01000000 00000000 00000000 00000000
2023-01-14 01:19:59,308 Hyde: Output bytes: 00000000 00000000 00000000 00000000 00000000
2023-01-14 01:19:59,710 Cornell: Output bytes: 00000000 00000000
2023-01-14 01:19:59,710 East Jct: Output bytes: 00000000 00000000
2023-01-14 01:19:59,710 Kale: Output bytes: 00000000 00000000 00000000 00000000
2023-01-14 01:19:59,710 Yard: Output bytes: 10010010 00100100 00100101 00000000 00000000 00000000
2023-01-14 01:19:59,710 YardSW: Output bytes: 00000000 00000000 00000000 00000000 00000000
2023-01-14 01:19:59,710 Latham: Output bytes: 00000000 00000000 00000000 00000000 00000000
2023-01-14 01:19:59,710 Carlton: Output bytes: 00000000 00011000 00001000 10000000 00000000
2023-01-14 01:19:59,710 Dell: Output bytes: 00000000 00000000 00000100 00000000
2023-01-14 01:19:59,710 Foss: Output bytes: 00000000 00000000 00000000
2023-01-14 01:19:59,710 Shore: Output bytes: 00000000 00000000 00010000 00000000 00000001 00000000 00010000
2023-01-14 01:19:59,711 Hyde Jct: Output bytes: 00000000 00000000 00000000
2023-01-14 01:19:59,711 Krulish: Output bytes: 00000000 00000000 00000000
2023-01-14 01:19:59,711 Nassau West: Output bytes: 00000000 00000000 00000000 00101000 01001001 00000000 00000000 00000000
2023-01-14 01:19:59,711 Nassau East: Output bytes: 00000000 00000000 00000000 01001001
2023-01-14 01:19:59,711 Nassau NX: Output bytes: 00000000 00000000 00000000
2023-01-14 01:19:59,711 Bank: Output bytes: 00000000 00000000 00011000 00000000
2023-01-14 01:19:59,711 Cliveden: Output bytes: 00000000 00000000 01000000 00000000
2023-01-14 01:19:59,711 Green Mountain: Output bytes: 00000000 00000000 00100000
2023-01-14 01:19:59,711 Cliff: Output bytes: 10010010 00100100 01001001 01001001 01010101 00000001 00000000 00000000
2023-01-14 01:19:59,711 Sheffield: Output bytes: 00000000 00000000 00000000 00000000
2023-01-14 01:19:59,712 Port A: Output bytes: 00000000 00000000 00000000 00000000 00000000 00000000 00000000 00000000 00000000
2023-01-14 01:19:59,712 Parsons: Output bytes: 00000000 00000000 00000000 00000000
2023-01-14 01:19:59,712 Port  B: Output bytes: 00000000 00000000 00000000 01000000 00000000 00000000 00000000
2023-01-14 01:19:59,712 Hyde: Output bytes: 00000000 00000000 00000000 00000000 00000000
2023-01-14 01:20:00,127 Cornell: Output bytes: 00000000 00000000
2023-01-14 01:20:00,127 East Jct: Output bytes: 00000000 00000000
2023-01-14 01:20:00,127 Kale: Output bytes: 00000000 00000000 00000000 00000000
2023-01-14 01:20:00,127 Yard: Output bytes: 10010010 00100100 00100101 00000000 00000000 00000000
2023-01-14 01:20:00,127 YardSW: Output bytes: 00000000 00000000 00000000 00000000 00000000
2023-01-14 01:20:00,127 Latham: Output bytes: 00000000 00000000 00000000 00000000 00000000
2023-01-14 01:20:00,127 Carlton: Output bytes: 00000000 00011000 00001000 10000000 00000000
2023-01-14 01:20:00,127 Dell: Output bytes: 00000000 00000000 00000100 00000000
2023-01-14 01:20:00,127 Foss: Output bytes: 00000000 00000000 00000000
2023-01-14 01:20:00,127 Shore: Output bytes: 00000000 00000000 00010000 00000000 00000001 00000000 00010000
2023-01-14 01:20:00,127 Hyde Jct: Output bytes: 00000000 00000000 00000000
2023-01-14 01:20:00,128 Krulish: Output bytes: 00000000 00000000 00000000
2023-01-14 01:20:00,128 Nassau West: Output bytes: 00000000 00000000 00000000 00101000 01001001 00000000 00000000 00000000
2023-01-14 01:20:00,128 Nassau East: Output bytes: 00000000 00000000 00000000 01001001
2023-01-14 01:20:00,128 Nassau NX: Output bytes: 00000000 00000000 00000000
2023-01-14 01:20:00,128 Bank: Output bytes: 00000000 00000000 00011000 00000000
2023-01-14 01:20:00,128 Cliveden: Output bytes: 00000000 00000000 01000000 00000000
2023-01-14 01:20:00,128 Green Mountain: Output bytes: 00000000 00000000 00100000
2023-01-14 01:20:00,128 Cliff: Output bytes: 10010010 00100100 01001001 01001001 01010101 00000001 00000000 00000000
2023-01-14 01:20:00,128 Sheffield: Output bytes: 00000000 00000000 00000000 00000000
2023-01-14 01:20:00,128 Port A: Output bytes: 00000000 00000000 00000000 00000000 00000000 00000000 00000000 00000000 00000000
2023-01-14 01:20:00,128 Parsons: Output bytes: 00000000 00000000 00000000 00000000
2023-01-14 01:20:00,129 Port  B: Output bytes: 00000000 00000000 00000000 01000000 00000000 00000000 00000000
2023-01-14 01:20:00,129 Hyde: Output bytes: 00000000 00000000 00000000 00000000 00000000
2023-01-14 01:20:00,530 Cornell: Output bytes: 00000000 00000000
2023-01-14 01:20:00,530 East Jct: Output bytes: 00000000 00000000
2023-01-14 01:20:00,530 Kale: Output bytes: 00000000 00000000 00000000 00000000
2023-01-14 01:20:00,530 Yard: Output bytes: 10010010 00100100 00100101 00000000 00000000 00000000
2023-01-14 01:20:00,530 YardSW: Output bytes: 00000000 00000000 00000000 00000000 00000000
2023-01-14 01:20:00,530 Latham: Output bytes: 00000000 00000000 00000000 00000000 00000000
2023-01-14 01:20:00,530 Carlton: Output bytes: 00000000 00011000 00001000 10000000 00000000
2023-01-14 01:20:00,530 Dell: Output bytes: 00000000 00000000 00000100 00000000
2023-01-14 01:20:00,530 Foss: Output bytes: 00000000 00000000 00000000
2023-01-14 01:20:00,531 Shore: Output bytes: 00000000 00000000 00010000 00000000 00000001 00000000 00010000
2023-01-14 01:20:00,531 Hyde Jct: Output bytes: 00000000 00000000 00000000
2023-01-14 01:20:00,531 Krulish: Output bytes: 00000000 00000000 00000000
2023-01-14 01:20:00,531 Nassau West: Output bytes: 00000000 00000000 00000000 00101000 01001001 00000000 00000000 00000000
2023-01-14 01:20:00,531 Nassau East: Output bytes: 00000000 00000000 00000000 01001001
2023-01-14 01:20:00,531 Nassau NX: Output bytes: 00000000 00000000 00000000
2023-01-14 01:20:00,531 Bank: Output bytes: 00000000 00000000 00011000 00000000
2023-01-14 01:20:00,531 Cliveden: Output bytes: 00000000 00000000 01000000 00000000
2023-01-14 01:20:00,531 Green Mountain: Output bytes: 00000000 00000000 00100000
2023-01-14 01:20:00,531 Cliff: Output bytes: 10010010 00100100 01001001 01001001 01010101 00000001 00000000 00000000
2023-01-14 01:20:00,531 Sheffield: Output bytes: 00000000 00000000 00000000 00000000
2023-01-14 01:20:00,531 Port A: Output bytes: 00000000 00000000 00000000 00000000 00000000 00000000 00000000 00000000 00000000
2023-01-14 01:20:00,531 Parsons: Output bytes: 00000000 00000000 00000000 00000000
2023-01-14 01:20:00,531 Port  B: Output bytes: 00000000 00000000 00000000 01000000 00000000 00000000 00000000
2023-01-14 01:20:00,532 Hyde: Output bytes: 00000000 00000000 00000000 00000000 00000000
2023-01-14 01:20:00,935 Cornell: Output bytes: 00000000 00000000
2023-01-14 01:20:00,935 East Jct: Output bytes: 00000000 00000000
2023-01-14 01:20:00,935 Kale: Output bytes: 00000000 00000000 00000000 00000000
2023-01-14 01:20:00,935 Yard: Output bytes: 10010010 00100100 00100101 00000000 00000000 00000000
2023-01-14 01:20:00,935 YardSW: Output bytes: 00000000 00000000 00000000 00000000 00000000
2023-01-14 01:20:00,935 Latham: Output bytes: 00000000 00000000 00000000 00000000 00000000
2023-01-14 01:20:00,935 Carlton: Output bytes: 00000000 00011000 00001000 10000000 00000000
2023-01-14 01:20:00,935 Dell: Output bytes: 00000000 00000000 00000100 00000000
2023-01-14 01:20:00,935 Foss: Output bytes: 00000000 00000000 00000000
2023-01-14 01:20:00,935 Shore: Output bytes: 00000000 00000000 00010000 00000000 00000001 00000000 00010000
2023-01-14 01:20:00,936 Hyde Jct: Output bytes: 00000000 00000000 00000000
2023-01-14 01:20:00,936 Krulish: Output bytes: 00000000 00000000 00000000
2023-01-14 01:20:00,936 Nassau West: Output bytes: 00000000 00000000 00000000 00101000 01001001 00000000 00000000 00000000
2023-01-14 01:20:00,936 Nassau East: Output bytes: 00000000 00000000 00000000 01001001
2023-01-14 01:20:00,936 Nassau NX: Output bytes: 00000000 00000000 00000000
2023-01-14 01:20:00,936 Bank: Output bytes: 00000000 00000000 00011000 00000000
2023-01-14 01:20:00,936 Cliveden: Output bytes: 00000000 00000000 01000000 00000000
2023-01-14 01:20:00,936 Green Mountain: Output bytes: 00000000 00000000 00100000
2023-01-14 01:20:00,936 Cliff: Output bytes: 10010010 00100100 01001001 01001001 01010101 00000001 00000000 00000000
2023-01-14 01:20:00,936 Sheffield: Output bytes: 00000000 00000000 00000000 00000000
2023-01-14 01:20:00,936 Port A: Output bytes: 00000000 00000000 00000000 00000000 00000000 00000000 00000000 00000000 00000000
2023-01-14 01:20:00,936 Parsons: Output bytes: 00000000 00000000 00000000 00000000
2023-01-14 01:20:00,936 Port  B: Output bytes: 00000000 00000000 00000000 01000000 00000000 00000000 00000000
2023-01-14 01:20:00,936 Hyde: Output bytes: 00000000 00000000 00000000 00000000 00000000
2023-01-14 01:20:01,339 Cornell: Output bytes: 00000000 00000000
2023-01-14 01:20:01,339 East Jct: Output bytes: 00000000 00000000
2023-01-14 01:20:01,339 Kale: Output bytes: 00000000 00000000 00000000 00000000
2023-01-14 01:20:01,339 Yard: Output bytes: 10010010 00100100 00100101 00000000 00000000 00000000
2023-01-14 01:20:01,339 YardSW: Output bytes: 00000000 00000000 00000000 00000000 00000000
2023-01-14 01:20:01,339 Latham: Output bytes: 00000000 00000000 00000000 00000000 00000000
2023-01-14 01:20:01,339 Carlton: Output bytes: 00000000 00011000 00001000 10000000 00000000
2023-01-14 01:20:01,339 Dell: Output bytes: 00000000 00000000 00000100 00000000
2023-01-14 01:20:01,339 Foss: Output bytes: 00000000 00000000 00000000
2023-01-14 01:20:01,339 Shore: Output bytes: 00000000 00000000 00010000 00000000 00000001 00000000 00010000
2023-01-14 01:20:01,340 Hyde Jct: Output bytes: 00000000 00000000 00000000
2023-01-14 01:20:01,340 Krulish: Output bytes: 00000000 00000000 00000000
2023-01-14 01:20:01,340 Nassau West: Output bytes: 00000000 00000000 00000000 00101000 01001001 00000000 00000000 00000000
2023-01-14 01:20:01,340 Nassau East: Output bytes: 00000000 00000000 00000000 01001001
2023-01-14 01:20:01,340 Nassau NX: Output bytes: 00000000 00000000 00000000
2023-01-14 01:20:01,340 Bank: Output bytes: 00000000 00000000 00011000 00000000
2023-01-14 01:20:01,340 Cliveden: Output bytes: 00000000 00000000 01000000 00000000
2023-01-14 01:20:01,340 Green Mountain: Output bytes: 00000000 00000000 00100000
2023-01-14 01:20:01,340 Cliff: Output bytes: 10010010 00100100 01001001 01001001 01010101 00000001 00000000 00000000
2023-01-14 01:20:01,340 Sheffield: Output bytes: 00000000 00000000 00000000 00000000
2023-01-14 01:20:01,340 Port A: Output bytes: 00000000 00000000 00000000 00000000 00000000 00000000 00000000 00000000 00000000
2023-01-14 01:20:01,340 Parsons: Output bytes: 00000000 00000000 00000000 00000000
2023-01-14 01:20:01,340 Port  B: Output bytes: 00000000 00000000 00000000 01000000 00000000 00000000 00000000
2023-01-14 01:20:01,340 Hyde: Output bytes: 00000000 00000000 00000000 00000000 00000000
2023-01-14 01:20:01,752 Cornell: Output bytes: 00000000 00000000
2023-01-14 01:20:01,752 East Jct: Output bytes: 00000000 00000000
2023-01-14 01:20:01,752 Kale: Output bytes: 00000000 00000000 00000000 00000000
2023-01-14 01:20:01,752 Yard: Output bytes: 10010010 00100100 00100101 00000000 00000000 00000000
2023-01-14 01:20:01,752 YardSW: Output bytes: 00000000 00000000 00000000 00000000 00000000
2023-01-14 01:20:01,752 Latham: Output bytes: 00000000 00000000 00000000 00000000 00000000
2023-01-14 01:20:01,752 Carlton: Output bytes: 00000000 00011000 00001000 10000000 00000000
2023-01-14 01:20:01,752 Dell: Output bytes: 00000000 00000000 00000100 00000000
2023-01-14 01:20:01,752 Foss: Output bytes: 00000000 00000000 00000000
2023-01-14 01:20:01,752 Shore: Output bytes: 00000000 00000000 00010000 00000000 00000001 00000000 00010000
2023-01-14 01:20:01,752 Hyde Jct: Output bytes: 00000000 00000000 00000000
2023-01-14 01:20:01,752 Krulish: Output bytes: 00000000 00000000 00000000
2023-01-14 01:20:01,752 Nassau West: Output bytes: 00000000 00000000 00000000 00101000 01001001 00000000 00000000 00000000
2023-01-14 01:20:01,753 Nassau East: Output bytes: 00000000 00000000 00000000 01001001
2023-01-14 01:20:01,753 Nassau NX: Output bytes: 00000000 00000000 00000000
2023-01-14 01:20:01,753 Bank: Output bytes: 00000000 00000000 00011000 00000000
2023-01-14 01:20:01,753 Cliveden: Output bytes: 00000000 00000000 01000000 00000000
2023-01-14 01:20:01,753 Green Mountain: Output bytes: 00000000 00000000 00100000
2023-01-14 01:20:01,753 Cliff: Output bytes: 10010010 00100100 01001001 01001001 01010101 00000001 00000000 00000000
2023-01-14 01:20:01,753 Sheffield: Output bytes: 00000000 00000000 00000000 00000000
2023-01-14 01:20:01,753 Port A: Output bytes: 00000000 00000000 00000000 00000000 00000000 00000000 00000000 00000000 00000000
2023-01-14 01:20:01,753 Parsons: Output bytes: 00000000 00000000 00000000 00000000
2023-01-14 01:20:01,753 Port  B: Output bytes: 00000000 00000000 00000000 01000000 00000000 00000000 00000000
2023-01-14 01:20:01,753 Hyde: Output bytes: 00000000 00000000 00000000 00000000 00000000
2023-01-14 01:20:01,848 Killing socket server...
2023-01-14 01:20:02,094 killing HTTP server...
2023-01-14 01:20:02,094 closing bus to railroad...
2023-01-14 01:20:02,095 exiting...
